TN:
SF:src/content/checkMessage.ts
FN:8,checkReceivedMessage
FNF:1
FNH:1
FNDA:10,checkReceivedMessage
DA:9,10
DA:11,10
DA:12,8
DA:14,8
DA:16,5
DA:17,5
DA:18,5
DA:19,3
DA:20,4
DA:22,1
DA:26,0
DA:27,0
DA:28,0
DA:32,2
DA:33,2
DA:34,2
DA:38,0
DA:39,0
DA:43,1
DA:46,3
LF:20
LH:15
BRDA:11,0,0,2
BRDA:12,1,0,0
BRDA:14,2,0,5
BRDA:14,2,1,0
BRDA:14,2,2,2
BRDA:14,2,3,0
BRDA:14,2,4,1
BRDA:16,3,0,0
BRDA:17,4,0,0
BRDA:18,5,0,2
BRDA:20,6,0,2
BRDA:26,7,0,0
BRDA:27,8,0,0
BRDA:32,9,0,0
BRDA:33,10,0,0
BRDA:38,11,0,0
BRF:16
BRH:6
end_of_record
